{"C:\\Users\\csbet\\Desktop\\food-burg\\ms-menu\\test\\products.ts": {"path":"C:\\Users\\csbet\\Desktop\\food-burg\\ms-menu\\test\\products.ts","statementMap":{"0":{"start":{"line":1,"column":0},"end":{"line":1,"column":40}},"1":{"start":{"line":2,"column":0},"end":{"line":2,"column":56}},"2":{"start":{"line":3,"column":17},"end":{"line":10,"column":12}},"3":{"start":{"line":21,"column":9},"end":{"line":21,"column":17}},"4":{"start":{"line":12,"column":17},"end":{"line":19,"column":12}},"5":{"start":{"line":21,"column":19},"end":{"line":21,"column":27}}},"fnMap":{},"branchMap":{},"s":{"0":1,"1":1,"2":1,"3":1,"4":1,"5":1},"f":{},"b":{}}
}
